<?xml version="1.0" encoding="UTF-8"?>
<testsuite name="chapter20.PathResolveTest" tests="1" skipped="0" failures="0" errors="0" timestamp="2021-08-30T19:44:14" hostname="NICOGUI" time="88.97">
  <properties/>
  <testcase name="nonExistingFilePath_toAbsolute_notFound()" classname="chapter20.PathResolveTest" time="88.97"/>
  <system-out><![CDATA[]]></system-out>
  <system-err><![CDATA[]]></system-err>
</testsuite>
